[debug] [2023-11-22T12:36:02.360Z] ----------------------------------------------------------------------
[debug] [2023-11-22T12:36:02.364Z] Command:       /usr/local/Cellar/node/21.1.0/bin/node /usr/local/bin/firebase deploy
[debug] [2023-11-22T12:36:02.364Z] CLI Version:   12.9.1
[debug] [2023-11-22T12:36:02.364Z] Platform:      darwin
[debug] [2023-11-22T12:36:02.364Z] Node Version:  v21.1.0
[debug] [2023-11-22T12:36:02.365Z] Time:          Wed Nov 22 2023 13:36:02 GMT+0100 (GMT+01:00)
[debug] [2023-11-22T12:36:02.365Z] ----------------------------------------------------------------------
[debug] 
[debug] [2023-11-22T12:36:02.427Z] > command requires scopes: ["email","openid","https://www.googleapis.com/auth/cloudplatformprojects.readonly","https://www.googleapis.com/auth/firebase","https://www.googleapis.com/auth/cloud-platform"]
[debug] [2023-11-22T12:36:02.427Z] > authorizing via signed-in user (wlos@st.swps.edu.pl)
[debug] [2023-11-22T12:36:02.427Z] [iam] checking project cookbook-25975 for permissions ["datastore.indexes.create","datastore.indexes.delete","datastore.indexes.list","datastore.indexes.update","firebase.projects.get","firebasehosting.sites.update"]
[debug] [2023-11-22T12:36:02.429Z] >>> [apiv2][query] POST https://cloudresourcemanager.googleapis.com/v1/projects/cookbook-25975:testIamPermissions [none]
[debug] [2023-11-22T12:36:02.429Z] >>> [apiv2][(partial)header] POST https://cloudresourcemanager.googleapis.com/v1/projects/cookbook-25975:testIamPermissions x-goog-quota-user=projects/cookbook-25975
[debug] [2023-11-22T12:36:02.429Z] >>> [apiv2][body] POST https://cloudresourcemanager.googleapis.com/v1/projects/cookbook-25975:testIamPermissions {"permissions":["datastore.indexes.create","datastore.indexes.delete","datastore.indexes.list","datastore.indexes.update","firebase.projects.get","firebasehosting.sites.update"]}
[debug] [2023-11-22T12:36:03.267Z] <<< [apiv2][status] POST https://cloudresourcemanager.googleapis.com/v1/projects/cookbook-25975:testIamPermissions 200
[debug] [2023-11-22T12:36:03.268Z] <<< [apiv2][body] POST https://cloudresourcemanager.googleapis.com/v1/projects/cookbook-25975:testIamPermissions {"permissions":["datastore.indexes.create","datastore.indexes.delete","datastore.indexes.list","datastore.indexes.update","firebase.projects.get","firebasehosting.sites.update"]}
[debug] [2023-11-22T12:36:03.268Z] >>> [apiv2][query] GET https://firebase.googleapis.com/v1beta1/projects/cookbook-25975 [none]
[debug] [2023-11-22T12:36:03.566Z] <<< [apiv2][status] GET https://firebase.googleapis.com/v1beta1/projects/cookbook-25975 200
[debug] [2023-11-22T12:36:03.566Z] <<< [apiv2][body] GET https://firebase.googleapis.com/v1beta1/projects/cookbook-25975 {"projectId":"cookbook-25975","projectNumber":"927835319272","displayName":"Cookbook","name":"projects/cookbook-25975","resources":{"hostingSite":"cookbook-25975","storageBucket":"cookbook-25975.appspot.com","locationId":"europe-west"},"state":"ACTIVE","etag":"1_190debc6-4420-4b1a-9dd7-ddb355414518"}
[debug] [2023-11-22T12:36:05.496Z] >>> [apiv2][query] GET https://firebasehosting.googleapis.com/v1beta1/projects/cookbook-25975/sites pageToken=&pageSize=10
[debug] [2023-11-22T12:36:06.540Z] <<< [apiv2][status] GET https://firebasehosting.googleapis.com/v1beta1/projects/cookbook-25975/sites 200
[debug] [2023-11-22T12:36:06.541Z] <<< [apiv2][body] GET https://firebasehosting.googleapis.com/v1beta1/projects/cookbook-25975/sites {"sites":[{"name":"projects/cookbook-25975/sites/cookbook-25975","defaultUrl":"https://cookbook-25975.web.app","appId":"1:927835319272:web:ff31d9da63a910905c125d","type":"DEFAULT_SITE"}]}
[debug] [2023-11-22T12:36:06.541Z] >>> [apiv2][query] GET https://firebase.googleapis.com/v1beta1/projects/-/webApps/1:927835319272:web:ff31d9da63a910905c125d/config [none]
[debug] [2023-11-22T12:36:07.280Z] <<< [apiv2][status] GET https://firebase.googleapis.com/v1beta1/projects/-/webApps/1:927835319272:web:ff31d9da63a910905c125d/config 200
[debug] [2023-11-22T12:36:07.280Z] <<< [apiv2][body] GET https://firebase.googleapis.com/v1beta1/projects/-/webApps/1:927835319272:web:ff31d9da63a910905c125d/config {"projectId":"cookbook-25975","appId":"1:927835319272:web:ff31d9da63a910905c125d","storageBucket":"cookbook-25975.appspot.com","locationId":"europe-west","apiKey":"AIzaSyARLoQuHnEX5jYkTg0g0pgC4iSKAsFULzY","authDomain":"cookbook-25975.firebaseapp.com","messagingSenderId":"927835319272","measurementId":"G-S1QLTVHGMM"}
[info] 
   Thank you for trying our early preview of Next.js support on Firebase Hosting.
   During the preview, support is best-effort and breaking changes can be expected. Proceed with caution.

   Documentation: https://firebase.google.com/docs/hosting/frameworks/nextjs
   File a bug: https://github.com/firebase/firebase-tools/issues/new?template=bug_report.md
   Submit a feature request: https://github.com/firebase/firebase-tools/issues/new?template=feature_request.md

   We'd love to learn from you. Express your interest in helping us shape the future of Firebase Hosting: https://goo.gle/41enW5X

[info]    Linting and checking validity of types ...

[info]    ▲ Next.js 14.0.4-canary.9

[info] 
   Creating an optimized production build ...

[info]  ✓ Compiled successfully

[info]    Collecting page data ...

[info] [2023-11-22T12:36:13.362Z]  @firebase/analytics: Analytics: Firebase Analytics is not supported in this environment. Wrap initialization of analytics in analytics.isSupported() to prevent initialization in unsupported environments. Details: (1) Cookies are not available. (analytics/invalid-analytics-context).

[info] ReferenceError: window is not defined
    at getOrCreateDataLayer (file:///Users/wojtek/Documents/ProjektWeb/cookbook/node_modules/@firebase/analytics/dist/esm/index.esm2017.js:177:23)
    at factory (file:///Users/wojtek/Documents/ProjektWeb/cookbook/node_modules/@firebase/analytics/dist/esm/index.esm2017.js:1038:9)
    at Component.instanceFactory (file:///Users/wojtek/Documents/ProjektWeb/cookbook/node_modules/@firebase/analytics/dist/esm/index.esm2017.js:1245:16)
    at Provider.getOrInitializeService (file:///Users/wojtek/Documents/ProjektWeb/cookbook/node_modules/@firebase/component/dist/esm/index.esm2017.js:290:39)
    at Provider.initialize (file:///Users/wojtek/Documents/ProjektWeb/cookbook/node_modules/@firebase/component/dist/esm/index.esm2017.js:234:31)
    at initializeAnalytics (file:///Users/wojtek/Documents/ProjektWeb/cookbook/node_modules/@firebase/analytics/dist/esm/index.esm2017.js:1087:49)
    at getAnalytics (file:///Users/wojtek/Documents/ProjektWeb/cookbook/node_modules/@firebase/analytics/dist/esm/index.esm2017.js:1066:12)
    at /Users/wojtek/Documents/ProjektWeb/cookbook/.next/server/pages/index.js:1:1935

[info] 

[info] > Build error occurred

[info] Error: Failed to collect page data for /
    at /Users/wojtek/Documents/ProjektWeb/cookbook/node_modules/next/dist/build/utils.js:1217:15 {
  type: 'Error'
}

[debug] [2023-11-22T12:36:13.500Z] Error: ENOENT: no such file or directory, open '/Users/wojtek/Documents/ProjektWeb/cookbook/.next/export-marker.json'
[error] 
[error] Error: An unexpected error has occurred.
